[2026-03-14T15:21:10.664+0000] {processor.py:186} INFO - Started process (PID=182) to work on /opt/airflow/dags/news_pipeline_dag.py
[2026-03-14T15:21:10.665+0000] {processor.py:914} INFO - Processing file /opt/airflow/dags/news_pipeline_dag.py for tasks to queue
[2026-03-14T15:21:10.668+0000] {logging_mixin.py:190} INFO - [2026-03-14T15:21:10.667+0000] {dagbag.py:588} INFO - Filling up the DagBag from /opt/airflow/dags/news_pipeline_dag.py
[2026-03-14T15:21:10.692+0000] {processor.py:925} INFO - DAG(s) 'news_pipeline' retrieved from /opt/airflow/dags/news_pipeline_dag.py
[2026-03-14T15:21:10.891+0000] {logging_mixin.py:190} INFO - [2026-03-14T15:21:10.890+0000] {override.py:1930} INFO - Created Permission View: can edit on DAG:news_pipeline
[2026-03-14T15:21:10.899+0000] {logging_mixin.py:190} INFO - [2026-03-14T15:21:10.899+0000] {override.py:1930} INFO - Created Permission View: can delete on DAG:news_pipeline
[2026-03-14T15:21:10.906+0000] {logging_mixin.py:190} INFO - [2026-03-14T15:21:10.906+0000] {override.py:1930} INFO - Created Permission View: can read on DAG:news_pipeline
[2026-03-14T15:21:10.912+0000] {logging_mixin.py:190} INFO - [2026-03-14T15:21:10.911+0000] {override.py:1930} INFO - Created Permission View: menu access on DAG Run:news_pipeline
[2026-03-14T15:21:10.917+0000] {logging_mixin.py:190} INFO - [2026-03-14T15:21:10.916+0000] {override.py:1930} INFO - Created Permission View: can delete on DAG Run:news_pipeline
[2026-03-14T15:21:10.922+0000] {logging_mixin.py:190} INFO - [2026-03-14T15:21:10.922+0000] {override.py:1930} INFO - Created Permission View: can create on DAG Run:news_pipeline
[2026-03-14T15:21:10.927+0000] {logging_mixin.py:190} INFO - [2026-03-14T15:21:10.927+0000] {override.py:1930} INFO - Created Permission View: can read on DAG Run:news_pipeline
[2026-03-14T15:21:10.928+0000] {logging_mixin.py:190} INFO - [2026-03-14T15:21:10.927+0000] {dag.py:3239} INFO - Sync 1 DAGs
[2026-03-14T15:21:10.939+0000] {logging_mixin.py:190} INFO - [2026-03-14T15:21:10.939+0000] {dag.py:3262} INFO - Creating ORM DAG for news_pipeline
[2026-03-14T15:21:10.950+0000] {logging_mixin.py:190} INFO - [2026-03-14T15:21:10.949+0000] {dag.py:4180} INFO - Setting next_dagrun for news_pipeline to 2026-03-14 14:30:00+00:00, run_after=2026-03-14 15:00:00+00:00
[2026-03-14T15:21:10.979+0000] {processor.py:208} INFO - Processing /opt/airflow/dags/news_pipeline_dag.py took 0.322 seconds
[2026-03-14T15:21:41.217+0000] {processor.py:186} INFO - Started process (PID=214) to work on /opt/airflow/dags/news_pipeline_dag.py
[2026-03-14T15:21:41.218+0000] {processor.py:914} INFO - Processing file /opt/airflow/dags/news_pipeline_dag.py for tasks to queue
[2026-03-14T15:21:41.222+0000] {logging_mixin.py:190} INFO - [2026-03-14T15:21:41.221+0000] {dagbag.py:588} INFO - Filling up the DagBag from /opt/airflow/dags/news_pipeline_dag.py
[2026-03-14T15:21:41.260+0000] {processor.py:925} INFO - DAG(s) 'news_pipeline' retrieved from /opt/airflow/dags/news_pipeline_dag.py
[2026-03-14T15:21:41.298+0000] {logging_mixin.py:190} INFO - [2026-03-14T15:21:41.298+0000] {dag.py:3239} INFO - Sync 1 DAGs
[2026-03-14T15:21:41.320+0000] {logging_mixin.py:190} INFO - [2026-03-14T15:21:41.320+0000] {dag.py:4180} INFO - Setting next_dagrun for news_pipeline to 2026-03-14 14:30:00+00:00, run_after=2026-03-14 15:00:00+00:00
[2026-03-14T15:21:41.343+0000] {processor.py:208} INFO - Processing /opt/airflow/dags/news_pipeline_dag.py took 0.133 seconds
[2026-03-14T15:22:11.505+0000] {processor.py:186} INFO - Started process (PID=219) to work on /opt/airflow/dags/news_pipeline_dag.py
[2026-03-14T15:22:11.507+0000] {processor.py:914} INFO - Processing file /opt/airflow/dags/news_pipeline_dag.py for tasks to queue
[2026-03-14T15:22:11.509+0000] {logging_mixin.py:190} INFO - [2026-03-14T15:22:11.509+0000] {dagbag.py:588} INFO - Filling up the DagBag from /opt/airflow/dags/news_pipeline_dag.py
[2026-03-14T15:22:11.538+0000] {processor.py:925} INFO - DAG(s) 'news_pipeline' retrieved from /opt/airflow/dags/news_pipeline_dag.py
[2026-03-14T15:22:11.564+0000] {logging_mixin.py:190} INFO - [2026-03-14T15:22:11.564+0000] {dag.py:3239} INFO - Sync 1 DAGs
[2026-03-14T15:22:11.585+0000] {logging_mixin.py:190} INFO - [2026-03-14T15:22:11.585+0000] {dag.py:4180} INFO - Setting next_dagrun for news_pipeline to 2026-03-14 14:30:00+00:00, run_after=2026-03-14 15:00:00+00:00
[2026-03-14T15:22:11.605+0000] {processor.py:208} INFO - Processing /opt/airflow/dags/news_pipeline_dag.py took 0.109 seconds
[2026-03-14T15:22:41.839+0000] {processor.py:186} INFO - Started process (PID=224) to work on /opt/airflow/dags/news_pipeline_dag.py
[2026-03-14T15:22:41.841+0000] {processor.py:914} INFO - Processing file /opt/airflow/dags/news_pipeline_dag.py for tasks to queue
[2026-03-14T15:22:41.844+0000] {logging_mixin.py:190} INFO - [2026-03-14T15:22:41.843+0000] {dagbag.py:588} INFO - Filling up the DagBag from /opt/airflow/dags/news_pipeline_dag.py
[2026-03-14T15:22:41.880+0000] {processor.py:925} INFO - DAG(s) 'news_pipeline' retrieved from /opt/airflow/dags/news_pipeline_dag.py
[2026-03-14T15:22:41.932+0000] {logging_mixin.py:190} INFO - [2026-03-14T15:22:41.931+0000] {dag.py:3239} INFO - Sync 1 DAGs
[2026-03-14T15:22:41.971+0000] {logging_mixin.py:190} INFO - [2026-03-14T15:22:41.970+0000] {dag.py:4180} INFO - Setting next_dagrun for news_pipeline to 2026-03-14 14:30:00+00:00, run_after=2026-03-14 15:00:00+00:00
[2026-03-14T15:22:41.998+0000] {processor.py:208} INFO - Processing /opt/airflow/dags/news_pipeline_dag.py took 0.168 seconds
[2026-03-14T15:23:12.065+0000] {processor.py:186} INFO - Started process (PID=229) to work on /opt/airflow/dags/news_pipeline_dag.py
[2026-03-14T15:23:12.066+0000] {processor.py:914} INFO - Processing file /opt/airflow/dags/news_pipeline_dag.py for tasks to queue
[2026-03-14T15:23:12.069+0000] {logging_mixin.py:190} INFO - [2026-03-14T15:23:12.068+0000] {dagbag.py:588} INFO - Filling up the DagBag from /opt/airflow/dags/news_pipeline_dag.py
[2026-03-14T15:23:12.091+0000] {processor.py:925} INFO - DAG(s) 'news_pipeline' retrieved from /opt/airflow/dags/news_pipeline_dag.py
[2026-03-14T15:23:12.120+0000] {logging_mixin.py:190} INFO - [2026-03-14T15:23:12.119+0000] {dag.py:3239} INFO - Sync 1 DAGs
[2026-03-14T15:23:12.142+0000] {logging_mixin.py:190} INFO - [2026-03-14T15:23:12.142+0000] {dag.py:4180} INFO - Setting next_dagrun for news_pipeline to 2026-03-14 14:30:00+00:00, run_after=2026-03-14 15:00:00+00:00
[2026-03-14T15:23:12.161+0000] {processor.py:208} INFO - Processing /opt/airflow/dags/news_pipeline_dag.py took 0.102 seconds
[2026-03-14T15:23:42.269+0000] {processor.py:186} INFO - Started process (PID=234) to work on /opt/airflow/dags/news_pipeline_dag.py
[2026-03-14T15:23:42.270+0000] {processor.py:914} INFO - Processing file /opt/airflow/dags/news_pipeline_dag.py for tasks to queue
[2026-03-14T15:23:42.273+0000] {logging_mixin.py:190} INFO - [2026-03-14T15:23:42.273+0000] {dagbag.py:588} INFO - Filling up the DagBag from /opt/airflow/dags/news_pipeline_dag.py
[2026-03-14T15:23:42.299+0000] {processor.py:925} INFO - DAG(s) 'news_pipeline' retrieved from /opt/airflow/dags/news_pipeline_dag.py
[2026-03-14T15:23:42.327+0000] {logging_mixin.py:190} INFO - [2026-03-14T15:23:42.327+0000] {dag.py:3239} INFO - Sync 1 DAGs
[2026-03-14T15:23:42.347+0000] {logging_mixin.py:190} INFO - [2026-03-14T15:23:42.347+0000] {dag.py:4180} INFO - Setting next_dagrun for news_pipeline to 2026-03-14 14:30:00+00:00, run_after=2026-03-14 15:00:00+00:00
[2026-03-14T15:23:42.366+0000] {processor.py:208} INFO - Processing /opt/airflow/dags/news_pipeline_dag.py took 0.102 seconds
[2026-03-14T15:24:12.464+0000] {processor.py:186} INFO - Started process (PID=239) to work on /opt/airflow/dags/news_pipeline_dag.py
[2026-03-14T15:24:12.465+0000] {processor.py:914} INFO - Processing file /opt/airflow/dags/news_pipeline_dag.py for tasks to queue
[2026-03-14T15:24:12.467+0000] {logging_mixin.py:190} INFO - [2026-03-14T15:24:12.467+0000] {dagbag.py:588} INFO - Filling up the DagBag from /opt/airflow/dags/news_pipeline_dag.py
[2026-03-14T15:24:12.485+0000] {processor.py:925} INFO - DAG(s) 'news_pipeline' retrieved from /opt/airflow/dags/news_pipeline_dag.py
[2026-03-14T15:24:12.511+0000] {logging_mixin.py:190} INFO - [2026-03-14T15:24:12.511+0000] {dag.py:3239} INFO - Sync 1 DAGs
[2026-03-14T15:24:12.543+0000] {logging_mixin.py:190} INFO - [2026-03-14T15:24:12.542+0000] {dag.py:4180} INFO - Setting next_dagrun for news_pipeline to 2026-03-14 14:30:00+00:00, run_after=2026-03-14 15:00:00+00:00
[2026-03-14T15:24:12.569+0000] {processor.py:208} INFO - Processing /opt/airflow/dags/news_pipeline_dag.py took 0.110 seconds
[2026-03-14T15:24:42.715+0000] {processor.py:186} INFO - Started process (PID=244) to work on /opt/airflow/dags/news_pipeline_dag.py
[2026-03-14T15:24:42.716+0000] {processor.py:914} INFO - Processing file /opt/airflow/dags/news_pipeline_dag.py for tasks to queue
[2026-03-14T15:24:42.719+0000] {logging_mixin.py:190} INFO - [2026-03-14T15:24:42.718+0000] {dagbag.py:588} INFO - Filling up the DagBag from /opt/airflow/dags/news_pipeline_dag.py
[2026-03-14T15:24:42.745+0000] {processor.py:925} INFO - DAG(s) 'news_pipeline' retrieved from /opt/airflow/dags/news_pipeline_dag.py
[2026-03-14T15:24:42.773+0000] {logging_mixin.py:190} INFO - [2026-03-14T15:24:42.773+0000] {dag.py:3239} INFO - Sync 1 DAGs
[2026-03-14T15:24:42.795+0000] {logging_mixin.py:190} INFO - [2026-03-14T15:24:42.795+0000] {dag.py:4180} INFO - Setting next_dagrun for news_pipeline to 2026-03-14 14:30:00+00:00, run_after=2026-03-14 15:00:00+00:00
[2026-03-14T15:24:42.823+0000] {processor.py:208} INFO - Processing /opt/airflow/dags/news_pipeline_dag.py took 0.114 seconds
[2026-03-14T15:25:24.266+0000] {processor.py:186} INFO - Started process (PID=175) to work on /opt/airflow/dags/news_pipeline_dag.py
[2026-03-14T15:25:24.268+0000] {processor.py:914} INFO - Processing file /opt/airflow/dags/news_pipeline_dag.py for tasks to queue
[2026-03-14T15:25:24.271+0000] {logging_mixin.py:190} INFO - [2026-03-14T15:25:24.270+0000] {dagbag.py:588} INFO - Filling up the DagBag from /opt/airflow/dags/news_pipeline_dag.py
[2026-03-14T15:25:24.303+0000] {processor.py:925} INFO - DAG(s) 'news_pipeline' retrieved from /opt/airflow/dags/news_pipeline_dag.py
[2026-03-14T15:25:24.341+0000] {logging_mixin.py:190} INFO - [2026-03-14T15:25:24.341+0000] {dag.py:3239} INFO - Sync 1 DAGs
[2026-03-14T15:25:24.367+0000] {logging_mixin.py:190} INFO - [2026-03-14T15:25:24.367+0000] {dag.py:4180} INFO - Setting next_dagrun for news_pipeline to 2026-03-14 14:30:00+00:00, run_after=2026-03-14 15:00:00+00:00
[2026-03-14T15:25:24.398+0000] {processor.py:208} INFO - Processing /opt/airflow/dags/news_pipeline_dag.py took 0.152 seconds
[2026-03-14T15:25:54.592+0000] {processor.py:186} INFO - Started process (PID=180) to work on /opt/airflow/dags/news_pipeline_dag.py
[2026-03-14T15:25:54.594+0000] {processor.py:914} INFO - Processing file /opt/airflow/dags/news_pipeline_dag.py for tasks to queue
[2026-03-14T15:25:54.596+0000] {logging_mixin.py:190} INFO - [2026-03-14T15:25:54.596+0000] {dagbag.py:588} INFO - Filling up the DagBag from /opt/airflow/dags/news_pipeline_dag.py
[2026-03-14T15:25:54.637+0000] {processor.py:925} INFO - DAG(s) 'news_pipeline' retrieved from /opt/airflow/dags/news_pipeline_dag.py
[2026-03-14T15:25:54.666+0000] {logging_mixin.py:190} INFO - [2026-03-14T15:25:54.666+0000] {dag.py:3239} INFO - Sync 1 DAGs
[2026-03-14T15:25:54.691+0000] {logging_mixin.py:190} INFO - [2026-03-14T15:25:54.691+0000] {dag.py:4180} INFO - Setting next_dagrun for news_pipeline to 2026-03-14 14:30:00+00:00, run_after=2026-03-14 15:00:00+00:00
[2026-03-14T15:25:54.717+0000] {processor.py:208} INFO - Processing /opt/airflow/dags/news_pipeline_dag.py took 0.131 seconds
[2026-03-14T15:26:24.816+0000] {processor.py:186} INFO - Started process (PID=185) to work on /opt/airflow/dags/news_pipeline_dag.py
[2026-03-14T15:26:24.817+0000] {processor.py:914} INFO - Processing file /opt/airflow/dags/news_pipeline_dag.py for tasks to queue
[2026-03-14T15:26:24.822+0000] {logging_mixin.py:190} INFO - [2026-03-14T15:26:24.821+0000] {dagbag.py:588} INFO - Filling up the DagBag from /opt/airflow/dags/news_pipeline_dag.py
[2026-03-14T15:26:24.838+0000] {processor.py:925} INFO - DAG(s) 'news_pipeline' retrieved from /opt/airflow/dags/news_pipeline_dag.py
[2026-03-14T15:26:24.863+0000] {logging_mixin.py:190} INFO - [2026-03-14T15:26:24.863+0000] {dag.py:3239} INFO - Sync 1 DAGs
[2026-03-14T15:26:24.881+0000] {logging_mixin.py:190} INFO - [2026-03-14T15:26:24.881+0000] {dag.py:4180} INFO - Setting next_dagrun for news_pipeline to 2026-03-14 14:30:00+00:00, run_after=2026-03-14 15:00:00+00:00
[2026-03-14T15:26:24.897+0000] {processor.py:208} INFO - Processing /opt/airflow/dags/news_pipeline_dag.py took 0.087 seconds
[2026-03-14T15:26:55.172+0000] {processor.py:186} INFO - Started process (PID=218) to work on /opt/airflow/dags/news_pipeline_dag.py
[2026-03-14T15:26:55.173+0000] {processor.py:914} INFO - Processing file /opt/airflow/dags/news_pipeline_dag.py for tasks to queue
[2026-03-14T15:26:55.175+0000] {logging_mixin.py:190} INFO - [2026-03-14T15:26:55.175+0000] {dagbag.py:588} INFO - Filling up the DagBag from /opt/airflow/dags/news_pipeline_dag.py
[2026-03-14T15:26:55.192+0000] {processor.py:925} INFO - DAG(s) 'news_pipeline' retrieved from /opt/airflow/dags/news_pipeline_dag.py
[2026-03-14T15:26:55.212+0000] {logging_mixin.py:190} INFO - [2026-03-14T15:26:55.212+0000] {dag.py:3239} INFO - Sync 1 DAGs
[2026-03-14T15:26:55.231+0000] {logging_mixin.py:190} INFO - [2026-03-14T15:26:55.231+0000] {dag.py:4180} INFO - Setting next_dagrun for news_pipeline to 2026-03-14 15:00:00+00:00, run_after=2026-03-14 15:30:00+00:00
[2026-03-14T15:26:55.247+0000] {processor.py:208} INFO - Processing /opt/airflow/dags/news_pipeline_dag.py took 0.081 seconds
[2026-03-14T15:27:25.414+0000] {processor.py:186} INFO - Started process (PID=224) to work on /opt/airflow/dags/news_pipeline_dag.py
[2026-03-14T15:27:25.415+0000] {processor.py:914} INFO - Processing file /opt/airflow/dags/news_pipeline_dag.py for tasks to queue
[2026-03-14T15:27:25.417+0000] {logging_mixin.py:190} INFO - [2026-03-14T15:27:25.417+0000] {dagbag.py:588} INFO - Filling up the DagBag from /opt/airflow/dags/news_pipeline_dag.py
[2026-03-14T15:27:25.441+0000] {processor.py:925} INFO - DAG(s) 'news_pipeline' retrieved from /opt/airflow/dags/news_pipeline_dag.py
[2026-03-14T15:27:25.469+0000] {logging_mixin.py:190} INFO - [2026-03-14T15:27:25.469+0000] {dag.py:3239} INFO - Sync 1 DAGs
[2026-03-14T15:27:25.492+0000] {logging_mixin.py:190} INFO - [2026-03-14T15:27:25.492+0000] {dag.py:4180} INFO - Setting next_dagrun for news_pipeline to 2026-03-14 15:00:00+00:00, run_after=2026-03-14 15:30:00+00:00
[2026-03-14T15:27:25.513+0000] {processor.py:208} INFO - Processing /opt/airflow/dags/news_pipeline_dag.py took 0.106 seconds
[2026-03-14T15:27:55.734+0000] {processor.py:186} INFO - Started process (PID=229) to work on /opt/airflow/dags/news_pipeline_dag.py
[2026-03-14T15:27:55.735+0000] {processor.py:914} INFO - Processing file /opt/airflow/dags/news_pipeline_dag.py for tasks to queue
[2026-03-14T15:27:55.738+0000] {logging_mixin.py:190} INFO - [2026-03-14T15:27:55.737+0000] {dagbag.py:588} INFO - Filling up the DagBag from /opt/airflow/dags/news_pipeline_dag.py
[2026-03-14T15:27:55.764+0000] {processor.py:925} INFO - DAG(s) 'news_pipeline' retrieved from /opt/airflow/dags/news_pipeline_dag.py
[2026-03-14T15:27:55.799+0000] {logging_mixin.py:190} INFO - [2026-03-14T15:27:55.799+0000] {dag.py:3239} INFO - Sync 1 DAGs
[2026-03-14T15:27:55.827+0000] {logging_mixin.py:190} INFO - [2026-03-14T15:27:55.826+0000] {dag.py:4180} INFO - Setting next_dagrun for news_pipeline to 2026-03-14 15:00:00+00:00, run_after=2026-03-14 15:30:00+00:00
[2026-03-14T15:27:55.848+0000] {processor.py:208} INFO - Processing /opt/airflow/dags/news_pipeline_dag.py took 0.121 seconds
[2026-03-14T15:28:25.982+0000] {processor.py:186} INFO - Started process (PID=234) to work on /opt/airflow/dags/news_pipeline_dag.py
[2026-03-14T15:28:25.983+0000] {processor.py:914} INFO - Processing file /opt/airflow/dags/news_pipeline_dag.py for tasks to queue
[2026-03-14T15:28:25.985+0000] {logging_mixin.py:190} INFO - [2026-03-14T15:28:25.985+0000] {dagbag.py:588} INFO - Filling up the DagBag from /opt/airflow/dags/news_pipeline_dag.py
[2026-03-14T15:28:26.010+0000] {processor.py:925} INFO - DAG(s) 'news_pipeline' retrieved from /opt/airflow/dags/news_pipeline_dag.py
[2026-03-14T15:28:26.037+0000] {logging_mixin.py:190} INFO - [2026-03-14T15:28:26.037+0000] {dag.py:3239} INFO - Sync 1 DAGs
[2026-03-14T15:28:26.059+0000] {logging_mixin.py:190} INFO - [2026-03-14T15:28:26.059+0000] {dag.py:4180} INFO - Setting next_dagrun for news_pipeline to 2026-03-14 15:00:00+00:00, run_after=2026-03-14 15:30:00+00:00
[2026-03-14T15:28:26.078+0000] {processor.py:208} INFO - Processing /opt/airflow/dags/news_pipeline_dag.py took 0.110 seconds
[2026-03-14T15:28:56.139+0000] {processor.py:186} INFO - Started process (PID=239) to work on /opt/airflow/dags/news_pipeline_dag.py
[2026-03-14T15:28:56.141+0000] {processor.py:914} INFO - Processing file /opt/airflow/dags/news_pipeline_dag.py for tasks to queue
[2026-03-14T15:28:56.144+0000] {logging_mixin.py:190} INFO - [2026-03-14T15:28:56.143+0000] {dagbag.py:588} INFO - Filling up the DagBag from /opt/airflow/dags/news_pipeline_dag.py
[2026-03-14T15:28:56.173+0000] {processor.py:925} INFO - DAG(s) 'news_pipeline' retrieved from /opt/airflow/dags/news_pipeline_dag.py
[2026-03-14T15:28:56.225+0000] {logging_mixin.py:190} INFO - [2026-03-14T15:28:56.225+0000] {dag.py:3239} INFO - Sync 1 DAGs
[2026-03-14T15:28:56.250+0000] {logging_mixin.py:190} INFO - [2026-03-14T15:28:56.249+0000] {dag.py:4180} INFO - Setting next_dagrun for news_pipeline to 2026-03-14 15:00:00+00:00, run_after=2026-03-14 15:30:00+00:00
[2026-03-14T15:28:56.271+0000] {processor.py:208} INFO - Processing /opt/airflow/dags/news_pipeline_dag.py took 0.138 seconds
[2026-03-14T15:29:26.502+0000] {processor.py:186} INFO - Started process (PID=244) to work on /opt/airflow/dags/news_pipeline_dag.py
[2026-03-14T15:29:26.503+0000] {processor.py:914} INFO - Processing file /opt/airflow/dags/news_pipeline_dag.py for tasks to queue
[2026-03-14T15:29:26.506+0000] {logging_mixin.py:190} INFO - [2026-03-14T15:29:26.505+0000] {dagbag.py:588} INFO - Filling up the DagBag from /opt/airflow/dags/news_pipeline_dag.py
[2026-03-14T15:29:26.522+0000] {processor.py:925} INFO - DAG(s) 'news_pipeline' retrieved from /opt/airflow/dags/news_pipeline_dag.py
[2026-03-14T15:29:26.546+0000] {logging_mixin.py:190} INFO - [2026-03-14T15:29:26.546+0000] {dag.py:3239} INFO - Sync 1 DAGs
[2026-03-14T15:29:26.569+0000] {logging_mixin.py:190} INFO - [2026-03-14T15:29:26.569+0000] {dag.py:4180} INFO - Setting next_dagrun for news_pipeline to 2026-03-14 15:00:00+00:00, run_after=2026-03-14 15:30:00+00:00
[2026-03-14T15:29:26.591+0000] {processor.py:208} INFO - Processing /opt/airflow/dags/news_pipeline_dag.py took 0.096 seconds
[2026-03-14T15:29:56.841+0000] {processor.py:186} INFO - Started process (PID=249) to work on /opt/airflow/dags/news_pipeline_dag.py
[2026-03-14T15:29:56.842+0000] {processor.py:914} INFO - Processing file /opt/airflow/dags/news_pipeline_dag.py for tasks to queue
[2026-03-14T15:29:56.844+0000] {logging_mixin.py:190} INFO - [2026-03-14T15:29:56.844+0000] {dagbag.py:588} INFO - Filling up the DagBag from /opt/airflow/dags/news_pipeline_dag.py
[2026-03-14T15:29:56.867+0000] {processor.py:925} INFO - DAG(s) 'news_pipeline' retrieved from /opt/airflow/dags/news_pipeline_dag.py
[2026-03-14T15:29:56.894+0000] {logging_mixin.py:190} INFO - [2026-03-14T15:29:56.893+0000] {dag.py:3239} INFO - Sync 1 DAGs
[2026-03-14T15:29:56.920+0000] {logging_mixin.py:190} INFO - [2026-03-14T15:29:56.920+0000] {dag.py:4180} INFO - Setting next_dagrun for news_pipeline to 2026-03-14 15:00:00+00:00, run_after=2026-03-14 15:30:00+00:00
[2026-03-14T15:29:56.939+0000] {processor.py:208} INFO - Processing /opt/airflow/dags/news_pipeline_dag.py took 0.106 seconds
[2026-03-14T15:30:27.085+0000] {processor.py:186} INFO - Started process (PID=268) to work on /opt/airflow/dags/news_pipeline_dag.py
[2026-03-14T15:30:27.086+0000] {processor.py:914} INFO - Processing file /opt/airflow/dags/news_pipeline_dag.py for tasks to queue
[2026-03-14T15:30:27.088+0000] {logging_mixin.py:190} INFO - [2026-03-14T15:30:27.087+0000] {dagbag.py:588} INFO - Filling up the DagBag from /opt/airflow/dags/news_pipeline_dag.py
[2026-03-14T15:30:27.105+0000] {processor.py:925} INFO - DAG(s) 'news_pipeline' retrieved from /opt/airflow/dags/news_pipeline_dag.py
[2026-03-14T15:30:27.134+0000] {logging_mixin.py:190} INFO - [2026-03-14T15:30:27.134+0000] {dag.py:3239} INFO - Sync 1 DAGs
[2026-03-14T15:30:27.157+0000] {logging_mixin.py:190} INFO - [2026-03-14T15:30:27.156+0000] {dag.py:4180} INFO - Setting next_dagrun for news_pipeline to 2026-03-14 15:30:00+00:00, run_after=2026-03-14 16:00:00+00:00
[2026-03-14T15:30:27.187+0000] {processor.py:208} INFO - Processing /opt/airflow/dags/news_pipeline_dag.py took 0.107 seconds
[2026-03-14T15:30:57.377+0000] {processor.py:186} INFO - Started process (PID=273) to work on /opt/airflow/dags/news_pipeline_dag.py
[2026-03-14T15:30:57.378+0000] {processor.py:914} INFO - Processing file /opt/airflow/dags/news_pipeline_dag.py for tasks to queue
[2026-03-14T15:30:57.380+0000] {logging_mixin.py:190} INFO - [2026-03-14T15:30:57.380+0000] {dagbag.py:588} INFO - Filling up the DagBag from /opt/airflow/dags/news_pipeline_dag.py
[2026-03-14T15:30:57.406+0000] {processor.py:925} INFO - DAG(s) 'news_pipeline' retrieved from /opt/airflow/dags/news_pipeline_dag.py
[2026-03-14T15:30:57.432+0000] {logging_mixin.py:190} INFO - [2026-03-14T15:30:57.432+0000] {dag.py:3239} INFO - Sync 1 DAGs
[2026-03-14T15:30:57.454+0000] {logging_mixin.py:190} INFO - [2026-03-14T15:30:57.454+0000] {dag.py:4180} INFO - Setting next_dagrun for news_pipeline to 2026-03-14 15:30:00+00:00, run_after=2026-03-14 16:00:00+00:00
[2026-03-14T15:30:57.473+0000] {processor.py:208} INFO - Processing /opt/airflow/dags/news_pipeline_dag.py took 0.102 seconds
[2026-03-14T15:31:27.745+0000] {processor.py:186} INFO - Started process (PID=278) to work on /opt/airflow/dags/news_pipeline_dag.py
[2026-03-14T15:31:27.747+0000] {processor.py:914} INFO - Processing file /opt/airflow/dags/news_pipeline_dag.py for tasks to queue
[2026-03-14T15:31:27.750+0000] {logging_mixin.py:190} INFO - [2026-03-14T15:31:27.750+0000] {dagbag.py:588} INFO - Filling up the DagBag from /opt/airflow/dags/news_pipeline_dag.py
[2026-03-14T15:31:27.782+0000] {processor.py:925} INFO - DAG(s) 'news_pipeline' retrieved from /opt/airflow/dags/news_pipeline_dag.py
[2026-03-14T15:31:27.807+0000] {logging_mixin.py:190} INFO - [2026-03-14T15:31:27.807+0000] {dag.py:3239} INFO - Sync 1 DAGs
[2026-03-14T15:31:27.827+0000] {logging_mixin.py:190} INFO - [2026-03-14T15:31:27.827+0000] {dag.py:4180} INFO - Setting next_dagrun for news_pipeline to 2026-03-14 15:30:00+00:00, run_after=2026-03-14 16:00:00+00:00
[2026-03-14T15:31:27.847+0000] {processor.py:208} INFO - Processing /opt/airflow/dags/news_pipeline_dag.py took 0.111 seconds
[2026-03-14T15:31:58.113+0000] {processor.py:186} INFO - Started process (PID=283) to work on /opt/airflow/dags/news_pipeline_dag.py
[2026-03-14T15:31:58.114+0000] {processor.py:914} INFO - Processing file /opt/airflow/dags/news_pipeline_dag.py for tasks to queue
[2026-03-14T15:31:58.117+0000] {logging_mixin.py:190} INFO - [2026-03-14T15:31:58.116+0000] {dagbag.py:588} INFO - Filling up the DagBag from /opt/airflow/dags/news_pipeline_dag.py
[2026-03-14T15:31:58.137+0000] {processor.py:925} INFO - DAG(s) 'news_pipeline' retrieved from /opt/airflow/dags/news_pipeline_dag.py
[2026-03-14T15:31:58.165+0000] {logging_mixin.py:190} INFO - [2026-03-14T15:31:58.165+0000] {dag.py:3239} INFO - Sync 1 DAGs
[2026-03-14T15:31:58.188+0000] {logging_mixin.py:190} INFO - [2026-03-14T15:31:58.188+0000] {dag.py:4180} INFO - Setting next_dagrun for news_pipeline to 2026-03-14 15:30:00+00:00, run_after=2026-03-14 16:00:00+00:00
[2026-03-14T15:31:58.210+0000] {processor.py:208} INFO - Processing /opt/airflow/dags/news_pipeline_dag.py took 0.104 seconds
[2026-03-14T15:32:28.398+0000] {processor.py:186} INFO - Started process (PID=302) to work on /opt/airflow/dags/news_pipeline_dag.py
[2026-03-14T15:32:28.399+0000] {processor.py:914} INFO - Processing file /opt/airflow/dags/news_pipeline_dag.py for tasks to queue
[2026-03-14T15:32:28.401+0000] {logging_mixin.py:190} INFO - [2026-03-14T15:32:28.401+0000] {dagbag.py:588} INFO - Filling up the DagBag from /opt/airflow/dags/news_pipeline_dag.py
[2026-03-14T15:32:28.424+0000] {processor.py:925} INFO - DAG(s) 'news_pipeline' retrieved from /opt/airflow/dags/news_pipeline_dag.py
[2026-03-14T15:32:28.447+0000] {logging_mixin.py:190} INFO - [2026-03-14T15:32:28.447+0000] {dag.py:3239} INFO - Sync 1 DAGs
[2026-03-14T15:32:28.473+0000] {logging_mixin.py:190} INFO - [2026-03-14T15:32:28.473+0000] {dag.py:4180} INFO - Setting next_dagrun for news_pipeline to 2026-03-14 15:30:00+00:00, run_after=2026-03-14 16:00:00+00:00
[2026-03-14T15:32:28.492+0000] {processor.py:208} INFO - Processing /opt/airflow/dags/news_pipeline_dag.py took 0.099 seconds
