[2026-03-14T15:21:10.554+0000] {manager.py:483} INFO - Processing files using up to 2 processes at a time 
[2026-03-14T15:21:10.555+0000] {manager.py:484} INFO - Process each file at most once every 30 seconds
[2026-03-14T15:21:10.556+0000] {manager.py:485} INFO - Checking for new files in /opt/airflow/dags every 300 seconds
[2026-03-14T15:21:10.557+0000] {manager.py:821} INFO - Searching for files in /opt/airflow/dags
[2026-03-14T15:21:10.584+0000] {manager.py:824} INFO - There are 1 files in /opt/airflow/dags
[2026-03-14T15:21:10.654+0000] {manager.py:997} INFO - 
================================================================================
DAG File Processing Stats

File Path                                 PID  Runtime      # DAGs    # Errors  Last Runtime    Last Run      Last # of DB Queries
--------------------------------------  -----  ---------  --------  ----------  --------------  ----------  ----------------------
/opt/airflow/dags/news_pipeline_dag.py    182  0.02s             0           0                                                   0
================================================================================
[2026-03-14T15:21:39.786+0000] {manager.py:997} INFO - 
================================================================================
DAG File Processing Stats

File Path                               PID    Runtime      # DAGs    # Errors  Last Runtime    Last Run               Last # of DB Queries
--------------------------------------  -----  ---------  --------  ----------  --------------  -------------------  ----------------------
/opt/airflow/dags/news_pipeline_dag.py                           1           0  0.36s           2026-03-14T15:21:10                      45
================================================================================
[2026-03-14T15:22:09.422+0000] {manager.py:997} INFO - 
================================================================================
DAG File Processing Stats

File Path                               PID    Runtime      # DAGs    # Errors  Last Runtime    Last Run               Last # of DB Queries
--------------------------------------  -----  ---------  --------  ----------  --------------  -------------------  ----------------------
/opt/airflow/dags/news_pipeline_dag.py                           1           0  0.17s           2026-03-14T15:21:41                      12
================================================================================
[2026-03-14T15:22:38.755+0000] {manager.py:997} INFO - 
================================================================================
DAG File Processing Stats

File Path                               PID    Runtime      # DAGs    # Errors  Last Runtime    Last Run               Last # of DB Queries
--------------------------------------  -----  ---------  --------  ----------  --------------  -------------------  ----------------------
/opt/airflow/dags/news_pipeline_dag.py                           1           0  0.16s           2026-03-14T15:22:11                      12
================================================================================
[2026-03-14T15:23:07.999+0000] {manager.py:997} INFO - 
================================================================================
DAG File Processing Stats

File Path                               PID    Runtime      # DAGs    # Errors  Last Runtime    Last Run               Last # of DB Queries
--------------------------------------  -----  ---------  --------  ----------  --------------  -------------------  ----------------------
/opt/airflow/dags/news_pipeline_dag.py                           1           0  0.22s           2026-03-14T15:22:42                      12
================================================================================
[2026-03-14T15:23:37.186+0000] {manager.py:997} INFO - 
================================================================================
DAG File Processing Stats

File Path                               PID    Runtime      # DAGs    # Errors  Last Runtime    Last Run               Last # of DB Queries
--------------------------------------  -----  ---------  --------  ----------  --------------  -------------------  ----------------------
/opt/airflow/dags/news_pipeline_dag.py                           1           0  0.13s           2026-03-14T15:23:12                      12
================================================================================
[2026-03-14T15:24:06.396+0000] {manager.py:997} INFO - 
================================================================================
DAG File Processing Stats

File Path                               PID    Runtime      # DAGs    # Errors  Last Runtime    Last Run               Last # of DB Queries
--------------------------------------  -----  ---------  --------  ----------  --------------  -------------------  ----------------------
/opt/airflow/dags/news_pipeline_dag.py                           1           0  0.13s           2026-03-14T15:23:42                      12
================================================================================
[2026-03-14T15:24:35.618+0000] {manager.py:997} INFO - 
================================================================================
DAG File Processing Stats

File Path                               PID    Runtime      # DAGs    # Errors  Last Runtime    Last Run               Last # of DB Queries
--------------------------------------  -----  ---------  --------  ----------  --------------  -------------------  ----------------------
/opt/airflow/dags/news_pipeline_dag.py                           1           0  0.14s           2026-03-14T15:24:12                      12
================================================================================
[2026-03-14T15:25:04.900+0000] {manager.py:997} INFO - 
================================================================================
DAG File Processing Stats

File Path                               PID    Runtime      # DAGs    # Errors  Last Runtime    Last Run               Last # of DB Queries
--------------------------------------  -----  ---------  --------  ----------  --------------  -------------------  ----------------------
/opt/airflow/dags/news_pipeline_dag.py                           1           0  0.14s           2026-03-14T15:24:42                      12
================================================================================
[2026-03-14T15:25:11.400+0000] {manager.py:465} INFO - Exiting gracefully upon receiving signal 15
[2026-03-14T15:25:24.114+0000] {manager.py:483} INFO - Processing files using up to 2 processes at a time 
[2026-03-14T15:25:24.114+0000] {manager.py:484} INFO - Process each file at most once every 30 seconds
[2026-03-14T15:25:24.115+0000] {manager.py:485} INFO - Checking for new files in /opt/airflow/dags every 300 seconds
[2026-03-14T15:25:24.116+0000] {manager.py:821} INFO - Searching for files in /opt/airflow/dags
[2026-03-14T15:25:24.145+0000] {manager.py:824} INFO - There are 1 files in /opt/airflow/dags
[2026-03-14T15:25:24.254+0000] {manager.py:997} INFO - 
================================================================================
DAG File Processing Stats

File Path                                 PID  Runtime      # DAGs    # Errors  Last Runtime    Last Run      Last # of DB Queries
--------------------------------------  -----  ---------  --------  ----------  --------------  ----------  ----------------------
/opt/airflow/dags/news_pipeline_dag.py    175  0.04s             0           0                                                   0
================================================================================
[2026-03-14T15:25:53.533+0000] {manager.py:997} INFO - 
================================================================================
DAG File Processing Stats

File Path                               PID    Runtime      # DAGs    # Errors  Last Runtime    Last Run               Last # of DB Queries
--------------------------------------  -----  ---------  --------  ----------  --------------  -------------------  ----------------------
/opt/airflow/dags/news_pipeline_dag.py                           1           0  0.21s           2026-03-14T15:25:24                      12
================================================================================
[2026-03-14T15:26:22.772+0000] {manager.py:997} INFO - 
================================================================================
DAG File Processing Stats

File Path                               PID    Runtime      # DAGs    # Errors  Last Runtime    Last Run               Last # of DB Queries
--------------------------------------  -----  ---------  --------  ----------  --------------  -------------------  ----------------------
/opt/airflow/dags/news_pipeline_dag.py                           1           0  0.17s           2026-03-14T15:25:54                      12
================================================================================
[2026-03-14T15:26:52.090+0000] {manager.py:997} INFO - 
================================================================================
DAG File Processing Stats

File Path                               PID    Runtime      # DAGs    # Errors  Last Runtime    Last Run               Last # of DB Queries
--------------------------------------  -----  ---------  --------  ----------  --------------  -------------------  ----------------------
/opt/airflow/dags/news_pipeline_dag.py                           1           0  0.11s           2026-03-14T15:26:24                      12
================================================================================
[2026-03-14T15:27:21.334+0000] {manager.py:997} INFO - 
================================================================================
DAG File Processing Stats

File Path                               PID    Runtime      # DAGs    # Errors  Last Runtime    Last Run               Last # of DB Queries
--------------------------------------  -----  ---------  --------  ----------  --------------  -------------------  ----------------------
/opt/airflow/dags/news_pipeline_dag.py                           1           0  0.11s           2026-03-14T15:26:55                      12
================================================================================
[2026-03-14T15:27:50.645+0000] {manager.py:997} INFO - 
================================================================================
DAG File Processing Stats

File Path                               PID    Runtime      # DAGs    # Errors  Last Runtime    Last Run               Last # of DB Queries
--------------------------------------  -----  ---------  --------  ----------  --------------  -------------------  ----------------------
/opt/airflow/dags/news_pipeline_dag.py                           1           0  0.13s           2026-03-14T15:27:25                      12
================================================================================
[2026-03-14T15:28:19.880+0000] {manager.py:997} INFO - 
================================================================================
DAG File Processing Stats

File Path                               PID    Runtime      # DAGs    # Errors  Last Runtime    Last Run               Last # of DB Queries
--------------------------------------  -----  ---------  --------  ----------  --------------  -------------------  ----------------------
/opt/airflow/dags/news_pipeline_dag.py                           1           0  0.15s           2026-03-14T15:27:55                      12
================================================================================
[2026-03-14T15:28:49.028+0000] {manager.py:997} INFO - 
================================================================================
DAG File Processing Stats

File Path                               PID    Runtime      # DAGs    # Errors  Last Runtime    Last Run               Last # of DB Queries
--------------------------------------  -----  ---------  --------  ----------  --------------  -------------------  ----------------------
/opt/airflow/dags/news_pipeline_dag.py                           1           0  0.14s           2026-03-14T15:28:26                      12
================================================================================
[2026-03-14T15:29:18.381+0000] {manager.py:997} INFO - 
================================================================================
DAG File Processing Stats

File Path                               PID    Runtime      # DAGs    # Errors  Last Runtime    Last Run               Last # of DB Queries
--------------------------------------  -----  ---------  --------  ----------  --------------  -------------------  ----------------------
/opt/airflow/dags/news_pipeline_dag.py                           1           0  0.17s           2026-03-14T15:28:56                      12
================================================================================
[2026-03-14T15:29:47.706+0000] {manager.py:997} INFO - 
================================================================================
DAG File Processing Stats

File Path                               PID    Runtime      # DAGs    # Errors  Last Runtime    Last Run               Last # of DB Queries
--------------------------------------  -----  ---------  --------  ----------  --------------  -------------------  ----------------------
/opt/airflow/dags/news_pipeline_dag.py                           1           0  0.12s           2026-03-14T15:29:26                      12
================================================================================
[2026-03-14T15:30:16.897+0000] {manager.py:997} INFO - 
================================================================================
DAG File Processing Stats

File Path                               PID    Runtime      # DAGs    # Errors  Last Runtime    Last Run               Last # of DB Queries
--------------------------------------  -----  ---------  --------  ----------  --------------  -------------------  ----------------------
/opt/airflow/dags/news_pipeline_dag.py                           1           0  0.14s           2026-03-14T15:29:56                      12
================================================================================
[2026-03-14T15:30:24.981+0000] {manager.py:821} INFO - Searching for files in /opt/airflow/dags
[2026-03-14T15:30:25.017+0000] {manager.py:824} INFO - There are 1 files in /opt/airflow/dags
[2026-03-14T15:30:46.240+0000] {manager.py:997} INFO - 
================================================================================
DAG File Processing Stats

File Path                               PID    Runtime      # DAGs    # Errors  Last Runtime    Last Run               Last # of DB Queries
--------------------------------------  -----  ---------  --------  ----------  --------------  -------------------  ----------------------
/opt/airflow/dags/news_pipeline_dag.py                           1           0  0.13s           2026-03-14T15:30:27                      12
================================================================================
[2026-03-14T15:31:15.496+0000] {manager.py:997} INFO - 
================================================================================
DAG File Processing Stats

File Path                               PID    Runtime      # DAGs    # Errors  Last Runtime    Last Run               Last # of DB Queries
--------------------------------------  -----  ---------  --------  ----------  --------------  -------------------  ----------------------
/opt/airflow/dags/news_pipeline_dag.py                           1           0  0.14s           2026-03-14T15:30:57                      12
================================================================================
[2026-03-14T15:31:44.917+0000] {manager.py:997} INFO - 
================================================================================
DAG File Processing Stats

File Path                               PID    Runtime      # DAGs    # Errors  Last Runtime    Last Run               Last # of DB Queries
--------------------------------------  -----  ---------  --------  ----------  --------------  -------------------  ----------------------
/opt/airflow/dags/news_pipeline_dag.py                           1           0  0.15s           2026-03-14T15:31:27                      12
================================================================================
[2026-03-14T15:32:14.228+0000] {manager.py:997} INFO - 
================================================================================
DAG File Processing Stats

File Path                               PID    Runtime      # DAGs    # Errors  Last Runtime    Last Run               Last # of DB Queries
--------------------------------------  -----  ---------  --------  ----------  --------------  -------------------  ----------------------
/opt/airflow/dags/news_pipeline_dag.py                           1           0  0.13s           2026-03-14T15:31:58                      12
================================================================================
